android/app/build/intermediates/manifest_merge_blame_file/debug/manifest-merger-blame-debug-report.txt
1<?xml version="1.0" encoding="utf-8"?>
2<manifest xmlns:android="http://schemas.android.com/apk/res/android"
3    package="com.mainview"
4    android:versionCode="1"
5    android:versionName="1.0" >
6
7    <uses-sdk
8        android:minSdkVersion="21"
9        android:targetSdkVersion="33" />
10
11    <uses-permission android:name="android.permission.SYSTEM_ALERT_WINDOW" />
11-->src\debug\AndroidManifest.xml:5:5-77
11-->src\debug\AndroidManifest.xml:5:22-75
12    <uses-permission
12-->src\debug\AndroidManifest.xml:6:5-68
13        android:name="android.permission.BLUETOOTH"
13-->src\debug\AndroidManifest.xml:6:22-65
14        android:maxSdkVersion="30" />
14-->[com.polidea.rxandroidble2:rxandroidble:1.17.2] AndroidManifest.xml:12:9-35
15    <uses-permission android:name="android.permission.INTERNET" />
15-->src\main\AndroidManifest.xml:3:5-67
15-->src\main\AndroidManifest.xml:3:22-64
16    <uses-permission android:name="android.permission.ACCESS_WIFI_STATE" />
16-->[com.facebook.flipper:flipper:0.182.0] AndroidManifest.xml:16:5-76
16-->[com.facebook.flipper:flipper:0.182.0] AndroidManifest.xml:16:22-73
17    <uses-permission android:name="android.permission.ACCESS_NETWORK_STATE" />
17-->[:react-native-community_netinfo] AndroidManifest.xml:7:5-79
17-->[:react-native-community_netinfo] AndroidManifest.xml:7:22-76
18    <uses-permission
18-->[:react-native-ble-manager] AndroidManifest.xml:8:5-74
19        android:name="android.permission.BLUETOOTH_ADMIN"
19-->[:react-native-ble-manager] AndroidManifest.xml:8:22-71
20        android:maxSdkVersion="30" />
20-->[com.polidea.rxandroidble2:rxandroidble:1.17.2] AndroidManifest.xml:15:9-35
21    <uses-permission android:name="android.permission.ACCESS_COARSE_LOCATION" />
21-->[:react-native-ble-manager] AndroidManifest.xml:9:5-81
21-->[:react-native-ble-manager] AndroidManifest.xml:9:22-78
22
23    <uses-feature
23-->[:react-native-ble-manager] AndroidManifest.xml:11:5-13:36
24        android:name="android.hardware.bluetooth_le"
24-->[:react-native-ble-manager] AndroidManifest.xml:12:9-53
25        android:required="false" />
25-->[:react-native-ble-manager] AndroidManifest.xml:13:9-33
26
27    <uses-permission android:name="android.permission.USE_FINGERPRINT" /> <!-- required for API 23 - 30, no android:maxSdkVersion because of a potential breaking change -->
27-->[:react-native-touch-id] AndroidManifest.xml:7:5-74
27-->[:react-native-touch-id] AndroidManifest.xml:7:22-71
28    <!-- TODO: add android:maxSdkVersion on 2.0.0 -->
29    <uses-permission-sdk-23 android:name="android.permission.ACCESS_COARSE_LOCATION" />
29-->[com.polidea.rxandroidble2:rxandroidble:1.17.2] AndroidManifest.xml:18:5-88
29-->[com.polidea.rxandroidble2:rxandroidble:1.17.2] AndroidManifest.xml:18:29-85
30    <uses-permission-sdk-23 android:name="android.permission.ACCESS_FINE_LOCATION" /> <!-- API 31+ -->
30-->[com.polidea.rxandroidble2:rxandroidble:1.17.2] AndroidManifest.xml:19:5-86
30-->[com.polidea.rxandroidble2:rxandroidble:1.17.2] AndroidManifest.xml:19:29-83
31    <uses-permission android:name="android.permission.BLUETOOTH_CONNECT" />
31-->[com.polidea.rxandroidble2:rxandroidble:1.17.2] AndroidManifest.xml:21:5-76
31-->[com.polidea.rxandroidble2:rxandroidble:1.17.2] AndroidManifest.xml:21:22-73
32    <uses-permission
32-->[com.polidea.rxandroidble2:rxandroidble:1.17.2] AndroidManifest.xml:22:5-25:31
33        android:name="android.permission.BLUETOOTH_SCAN"
33-->[com.polidea.rxandroidble2:rxandroidble:1.17.2] AndroidManifest.xml:23:9-57
34        android:usesPermissionFlags="neverForLocation" />
34-->[com.polidea.rxandroidble2:rxandroidble:1.17.2] AndroidManifest.xml:24:9-55
35
36    <application
36-->src\main\AndroidManifest.xml:5:5-24:19
37        android:name="com.mainview.MainApplication"
37-->src\main\AndroidManifest.xml:6:7-38
38        android:allowBackup="false"
38-->src\main\AndroidManifest.xml:10:7-34
39        android:appComponentFactory="androidx.core.app.CoreComponentFactory"
39-->[androidx.core:core:1.8.0] AndroidManifest.xml:24:18-86
40        android:debuggable="true"
41        android:icon="@mipmap/ic_launcher"
41-->src\main\AndroidManifest.xml:8:7-41
42        android:label="@string/app_name"
42-->src\main\AndroidManifest.xml:7:7-39
43        android:roundIcon="@mipmap/ic_launcher_round"
43-->src\main\AndroidManifest.xml:9:7-52
44        android:theme="@style/AppTheme"
44-->src\main\AndroidManifest.xml:11:7-38
45        android:usesCleartextTraffic="true" >
45-->src\debug\AndroidManifest.xml:9:9-44
46        <activity
46-->src\debug\AndroidManifest.xml:12:9-111
47            android:name="com.facebook.react.devsupport.DevSettingsActivity"
47-->src\debug\AndroidManifest.xml:12:19-83
48            android:exported="false" />
48-->src\debug\AndroidManifest.xml:12:84-108
49        <activity
49-->src\main\AndroidManifest.xml:12:7-23:18
50            android:name="com.mainview.MainActivity"
50-->src\main\AndroidManifest.xml:13:9-37
51            android:configChanges="keyboard|keyboardHidden|orientation|screenLayout|screenSize|smallestScreenSize|uiMode"
51-->src\main\AndroidManifest.xml:15:9-118
52            android:exported="true"
52-->src\main\AndroidManifest.xml:18:9-32
53            android:label="@string/app_name"
53-->src\main\AndroidManifest.xml:14:9-41
54            android:launchMode="singleTask"
54-->src\main\AndroidManifest.xml:16:9-40
55            android:windowSoftInputMode="adjustResize" >
55-->src\main\AndroidManifest.xml:17:9-51
56            <intent-filter>
56-->src\main\AndroidManifest.xml:19:9-22:25
57                <action android:name="android.intent.action.MAIN" />
57-->src\main\AndroidManifest.xml:20:13-65
57-->src\main\AndroidManifest.xml:20:21-62
58
59                <category android:name="android.intent.category.LAUNCHER" />
59-->src\main\AndroidManifest.xml:21:13-73
59-->src\main\AndroidManifest.xml:21:23-70
60            </intent-filter>
61        </activity>
62
63        <meta-data
63-->[com.facebook.soloader:soloader:0.10.5] AndroidManifest.xml:12:9-14:37
64            android:name="com.facebook.soloader.enabled"
64-->[com.facebook.soloader:soloader:0.10.5] AndroidManifest.xml:13:13-57
65            android:value="false" />
65-->[com.facebook.soloader:soloader:0.10.5] AndroidManifest.xml:14:13-34
66
67        <provider
67-->[androidx.emoji2:emoji2:1.2.0] AndroidManifest.xml:24:9-32:20
68            android:name="androidx.startup.InitializationProvider"
68-->[androidx.emoji2:emoji2:1.2.0] AndroidManifest.xml:25:13-67
69            android:authorities="com.mainview.androidx-startup"
69-->[androidx.emoji2:emoji2:1.2.0] AndroidManifest.xml:26:13-68
70            android:exported="false" >
70-->[androidx.emoji2:emoji2:1.2.0] AndroidManifest.xml:27:13-37
71            <meta-data
71-->[androidx.emoji2:emoji2:1.2.0] AndroidManifest.xml:29:13-31:52
72                android:name="androidx.emoji2.text.EmojiCompatInitializer"
72-->[androidx.emoji2:emoji2:1.2.0] AndroidManifest.xml:30:17-75
73                android:value="androidx.startup" />
73-->[androidx.emoji2:emoji2:1.2.0] AndroidManifest.xml:31:17-49
74            <meta-data
74-->[androidx.lifecycle:lifecycle-process:2.4.1] AndroidManifest.xml:31:13-33:52
75                android:name="androidx.lifecycle.ProcessLifecycleInitializer"
75-->[androidx.lifecycle:lifecycle-process:2.4.1] AndroidManifest.xml:32:17-78
76                android:value="androidx.startup" />
76-->[androidx.lifecycle:lifecycle-process:2.4.1] AndroidManifest.xml:33:17-49
77        </provider>
78    </application>
79
80</manifest>